Unity Editor version:    2021.3.4f1 (cb45f9cae8b7)
Branch:                  2021.3/staging
Build type:              Release
Batch mode:              YES
macOS version:           Version 12.3.1 (Build 21E258)
Darwin version:          21.4.0
Architecture:            x86_64
Running under Rosetta:   YES
Available memory:        8192 MB
Using pre-set license
Pro License: YES

COMMAND LINE ARGUMENTS:
/Applications/Unity/Hub/Editor/2021.3.4f1/Unity.app/Contents/MacOS/Unity
-adb2
-batchMode
-noUpm
-name
AssetImportWorker0
-projectPath
/Users/benjamintoro/Desktop/2DGame_TSU
-logFile
Logs/AssetImportWorker0.log
-srvPort
55157
Successfully changed project path to: /Users/benjamintoro/Desktop/2DGame_TSU
/Users/benjamintoro/Desktop/2DGame_TSU
[UnityMemory] Configuration Parameters - Can be set up in boot.config
    "memorysetup-bucket-allocator-granularity=16"
    "memorysetup-bucket-allocator-bucket-count=8"
    "memorysetup-bucket-allocator-block-size=33554432"
    "memorysetup-bucket-allocator-block-count=8"
    "memorysetup-main-allocator-block-size=16777216"
    "memorysetup-thread-allocator-block-size=16777216"
    "memorysetup-gfx-main-allocator-block-size=16777216"
    "memorysetup-gfx-thread-allocator-block-size=16777216"
    "memorysetup-cache-allocator-block-size=4194304"
    "memorysetup-typetree-allocator-block-size=2097152"
    "memorysetup-profiler-bucket-allocator-granularity=16"
    "memorysetup-profiler-bucket-allocator-bucket-count=8"
    "memorysetup-profiler-bucket-allocator-block-size=33554432"
    "memorysetup-profiler-bucket-allocator-block-count=8"
    "memorysetup-profiler-allocator-block-size=16777216"
    "memorysetup-profiler-editor-allocator-block-size=1048576"
    "memorysetup-temp-allocator-size-main=16777216"
    "memorysetup-job-temp-allocator-block-size=2097152"
    "memorysetup-job-temp-allocator-block-size-background=1048576"
    "memorysetup-job-temp-allocator-reduction-small-platforms=262144"
    "memorysetup-temp-allocator-size-background-worker=32768"
    "memorysetup-temp-allocator-size-job-worker=262144"
    "memorysetup-temp-allocator-size-preload-manager=33554432"
    "memorysetup-temp-allocator-size-nav-mesh-worker=65536"
    "memorysetup-temp-allocator-size-audio-worker=65536"
    "memorysetup-temp-allocator-size-cloud-worker=32768"
    "memorysetup-temp-allocator-size-gi-baking-worker=262144"
    "memorysetup-temp-allocator-size-gfx=262144"
Refreshing native plugins compatible for Editor in 134.14 ms, found 3 plugins.
Preloading 0 native plugins for Editor in 0.00 ms.
Initialize engine version: 2021.3.4f1 (cb45f9cae8b7)
[Subsystems] Discovering subsystems at path /Applications/Unity/Hub/Editor/2021.3.4f1/Unity.app/Contents/Resources/UnitySubsystems
[Subsystems] Discovering subsystems at path /Users/benjamintoro/Desktop/2DGame_TSU/Assets
GfxDevice: creating device client; threaded=0; jobified=0
 preferred device: Apple M1 (high power)
Metal devices available: 1
0: Apple M1 (high power)
Using device Apple M1 (high power)
Initializing Metal device caps: Apple M1
Initialize mono
Mono path[0] = '/Applications/Unity/Hub/Editor/2021.3.4f1/Unity.app/Contents/Managed'
Mono path[1] = '/Applications/Unity/Hub/Editor/2021.3.4f1/Unity.app/Contents/MonoBleedingEdge/lib/mono/unityjit-macos'
Mono config path = '/Applications/Unity/Hub/Editor/2021.3.4f1/Unity.app/Contents/MonoBleedingEdge/etc'
Using monoOptions --debugger-agent=transport=dt_socket,embedding=1,server=y,suspend=n,address=127.0.0.1:56905
Begin MonoManager ReloadAssembly
Registering precompiled unity dll's ...
Register platform support module: /Applications/Unity/Hub/Editor/2021.3.4f1/PlaybackEngines/WebGLSupport/UnityEditor.WebGL.Extensions.dll
Register platform support module: /Applications/Unity/Hub/Editor/2021.3.4f1/Unity.app/Contents/PlaybackEngines/MacStandaloneSupport/UnityEditor.OSXStandalone.Extensions.dll
Register platform support module: /Applications/Unity/Hub/Editor/2021.3.4f1/PlaybackEngines/AndroidPlayer/UnityEditor.Android.Extensions.dll
Register platform support module: /Applications/Unity/Hub/Editor/2021.3.4f1/PlaybackEngines/iOSSupport/UnityEditor.iOS.Extensions.dll
Registered in 0.004335 seconds.
[usbmuxd] Start listen thread
[usbmuxd] Listen thread started
[usbmuxd] Send listen message
Native extension for iOS target not found
[usbmuxd] Attached: 2 d3681d4349951887b59309b519d95bbe98875a65
Native extension for Android target not found
Native extension for OSXStandalone target not found
Native extension for WebGL target not found
Refreshing native plugins compatible for Editor in 127.45 ms, found 3 plugins.
Preloading 0 native plugins for Editor in 0.00 ms.
Mono: successfully reloaded assembly
- Completed reload, in  1.664 seconds
Domain Reload Profiling:
	ReloadAssembly (1666ms)
		BeginReloadAssembly (177ms)
			ExecutionOrderSort (0ms)
			DisableScriptedObjects (0ms)
			BackupInstance (0ms)
			ReleaseScriptingObjects (0ms)
			CreateAndSetChildDomain (3ms)
		EndReloadAssembly (1244ms)
			LoadAssemblies (176ms)
			RebuildTransferFunctionScriptingTraits (0ms)
			SetupTypeCache (158ms)
			ReleaseScriptCaches (0ms)
			RebuildScriptCaches (36ms)
			SetupLoadedEditorAssemblies (893ms)
				LogAssemblyErrors (0ms)
				InitializePlatformSupportModulesInManaged (268ms)
				SetLoadedEditorAssemblies (1ms)
				RefreshPlugins (127ms)
				BeforeProcessingInitializeOnLoad (6ms)
				ProcessInitializeOnLoadAttributes (309ms)
				ProcessInitializeOnLoadMethodAttributes (181ms)
				AfterProcessingInitializeOnLoad (0ms)
				EditorAssembliesLoaded (1ms)
			ExecutionOrderSort2 (0ms)
			AwakeInstancesAfterBackupRestoration (0ms)
Platform modules already initialized, skipping
Registering precompiled user dll's ...
Registered in 0.007434 seconds.
Begin MonoManager ReloadAssembly
Symbol file LoadedFromMemory doesn't match image /Users/benjamintoro/Desktop/2DGame_TSU/Library/PackageCache/com.unity.visualscripting@1.7.8/Editor/VisualScripting.Core/Dependencies/YamlDotNet/Unity.VisualScripting.YamlDotNet.dll
Symbol file LoadedFromMemory doesn't match image /Users/benjamintoro/Desktop/2DGame_TSU/Library/PackageCache/com.unity.visualscripting@1.7.8/Editor/VisualScripting.Core/Dependencies/DotNetZip/Unity.VisualScripting.IonicZip.dll
Native extension for iOS target not found
Native extension for Android target not found
Native extension for OSXStandalone target not found
Native extension for WebGL target not found
Refreshing native plugins compatible for Editor in 122.72 ms, found 3 plugins.
Preloading 0 native plugins for Editor in 0.00 ms.
Mono: successfully reloaded assembly
- Completed reload, in  2.936 seconds
Domain Reload Profiling:
	ReloadAssembly (2939ms)
		BeginReloadAssembly (366ms)
			ExecutionOrderSort (0ms)
			DisableScriptedObjects (38ms)
			BackupInstance (0ms)
			ReleaseScriptingObjects (0ms)
			CreateAndSetChildDomain (147ms)
		EndReloadAssembly (2265ms)
			LoadAssemblies (178ms)
			RebuildTransferFunctionScriptingTraits (0ms)
			SetupTypeCache (359ms)
			ReleaseScriptCaches (4ms)
			RebuildScriptCaches (72ms)
			SetupLoadedEditorAssemblies (1446ms)
				LogAssemblyErrors (0ms)
				InitializePlatformSupportModulesInManaged (79ms)
				SetLoadedEditorAssemblies (0ms)
				RefreshPlugins (123ms)
				BeforeProcessingInitializeOnLoad (152ms)
				ProcessInitializeOnLoadAttributes (946ms)
				ProcessInitializeOnLoadMethodAttributes (146ms)
				AfterProcessingInitializeOnLoad (1ms)
				EditorAssembliesLoaded (0ms)
			ExecutionOrderSort2 (0ms)
			AwakeInstancesAfterBackupRestoration (10ms)
Platform modules already initialized, skipping
========================================================================
Worker process is ready to serve import requests
Launching external process: /Applications/Unity/Hub/Editor/2021.3.4f1/Unity.app/Contents/Tools/UnityShaderCompiler
Launched and connected shader compiler UnityShaderCompiler after 0.32 seconds
Refreshing native plugins compatible for Editor in 0.80 ms, found 3 plugins.
Preloading 0 native plugins for Editor in 0.00 ms.
Unloading 4059 Unused Serialized files (Serialized files now loaded: 0)
Unloading 44 unused Assets / (195.7 KB). Loaded Objects now: 4511.
Memory consumption went from 265.2 MB to 265.0 MB.
Total: 4.761584 ms (FindLiveObjects: 0.307417 ms CreateObjectMapping: 0.112459 ms MarkObjects: 3.903667 ms  DeleteObjects: 0.436667 ms)

AssetImportParameters requested are different than current active one (requested -> active):
  custom:video-decoder-ogg-theora: a1e56fd34408186e4bbccfd4996cb3dc -> 
  custom:container-muxer-webm: aa71ff27fc2769a1b78a27578f13a17b -> 
  custom:container-demuxer-webm: 4f35f7cbe854078d1ac9338744f61a02 -> 
  custom:video-encoder-webm-vp8: eb34c28f22e8b96e1ab97ce403110664 -> 
  custom:framework-osx-AVFoundation: e770b220cccbd017edd2c1fefb359320 -> 
  custom:audio-encoder-webm-vorbis: bf7c407c2cedff20999df2af8eb42d56 -> 
  custom:container-demuxer-ogg: 62fdf1f143b41e24485cea50d1cbac27 -> 
  custom:video-decoder-webm-vp8: 9c59270c3fd7afecdb556c50c9e8de78 -> 
  custom:audio-decoder-ogg-vorbis: bf7c407c2cedff20999df2af8eb42d56 -> 
========================================================================
Received Import Request.
  Time since last request: 42857.626684 seconds.
  path: Assets/Artwork/Level/Tiles/tree_2.asset
  artifactKey: Guid(005b411e515b04fa7b715c3fc4bf7ea6) Importer(2089858483,0ecaa5967403d082aa24f35e1b516d23)
Start importing Assets/Artwork/Level/Tiles/tree_2.asset using Guid(005b411e515b04fa7b715c3fc4bf7ea6) Importer(2089858483,0ecaa5967403d082aa24f35e1b516d23)  -> (artifact id: '756944d268a252129a06c7a4f3881f29') in 1.088822 seconds 
========================================================================
Received Import Request.
  Time since last request: 0.000951 seconds.
  path: Assets/Artwork/Level/Tiles/fence_1.asset
  artifactKey: Guid(670e17f0d150641638f1665a601e1f1a) Importer(2089858483,0ecaa5967403d082aa24f35e1b516d23)
Start importing Assets/Artwork/Level/Tiles/fence_1.asset using Guid(670e17f0d150641638f1665a601e1f1a) Importer(2089858483,0ecaa5967403d082aa24f35e1b516d23)  -> (artifact id: '9216a29958321c794fe0750cfeb953fb') in 0.015068 seconds 
========================================================================
Received Import Request.
  Time since last request: 0.000088 seconds.
  path: Assets/Artwork/Level/Tiles/water_7.asset
  artifactKey: Guid(078cfc430e7634a648489203aadc02f5) Importer(2089858483,0ecaa5967403d082aa24f35e1b516d23)
Start importing Assets/Artwork/Level/Tiles/water_7.asset using Guid(078cfc430e7634a648489203aadc02f5) Importer(2089858483,0ecaa5967403d082aa24f35e1b516d23)  -> (artifact id: '502531cc5b13aa5f849c2e33ff3f1a28') in 0.008474 seconds 
========================================================================
Received Import Request.
  Time since last request: 0.000068 seconds.
  path: Assets/Artwork/Level/Tiles/grass_4.asset
  artifactKey: Guid(33adc8d2b86ca413193c26061c335a6f) Importer(2089858483,0ecaa5967403d082aa24f35e1b516d23)
Start importing Assets/Artwork/Level/Tiles/grass_4.asset using Guid(33adc8d2b86ca413193c26061c335a6f) Importer(2089858483,0ecaa5967403d082aa24f35e1b516d23)  -> (artifact id: '6a4bdfea0cd19672028f65c176bdd8a7') in 0.004467 seconds 
========================================================================
Received Import Request.
  Time since last request: 0.000065 seconds.
  path: Assets/Artwork/Level/Tiles/river_3.asset
  artifactKey: Guid(b8046dd99b882491a93116a4e62c1da7) Importer(2089858483,0ecaa5967403d082aa24f35e1b516d23)
Start importing Assets/Artwork/Level/Tiles/river_3.asset using Guid(b8046dd99b882491a93116a4e62c1da7) Importer(2089858483,0ecaa5967403d082aa24f35e1b516d23)  -> (artifact id: '82786e1112e4412dc349861bfb3d1477') in 0.005045 seconds 
========================================================================
Received Import Request.
  Time since last request: 0.000072 seconds.
  path: Assets/Artwork/Level/Tiles/path_8.asset
  artifactKey: Guid(890b389e981a8467fbec4beae2904e22) Importer(2089858483,0ecaa5967403d082aa24f35e1b516d23)
Start importing Assets/Artwork/Level/Tiles/path_8.asset using Guid(890b389e981a8467fbec4beae2904e22) Importer(2089858483,0ecaa5967403d082aa24f35e1b516d23)  -> (artifact id: '71631d8a20840e68e7ab1c61957efd6c') in 0.013103 seconds 
========================================================================
Received Import Request.
  Time since last request: 0.000072 seconds.
  path: Assets/Artwork/Level/Tiles/river_0.asset
  artifactKey: Guid(1f81bc38721c740bb9ff1d0e393da263) Importer(2089858483,0ecaa5967403d082aa24f35e1b516d23)
Start importing Assets/Artwork/Level/Tiles/river_0.asset using Guid(1f81bc38721c740bb9ff1d0e393da263) Importer(2089858483,0ecaa5967403d082aa24f35e1b516d23)  -> (artifact id: 'adda3ce526c32a97d301e138365aeea2') in 0.004364 seconds 
========================================================================
Received Import Request.
  Time since last request: 0.000067 seconds.
  path: Assets/Artwork/Level/Tiles/water_5.asset
  artifactKey: Guid(84c2ef8f604744fb29e42a7ac35c0446) Importer(2089858483,0ecaa5967403d082aa24f35e1b516d23)
Start importing Assets/Artwork/Level/Tiles/water_5.asset using Guid(84c2ef8f604744fb29e42a7ac35c0446) Importer(2089858483,0ecaa5967403d082aa24f35e1b516d23)  -> (artifact id: '64e380dbd77accf479b32461dde79fb8') in 0.005127 seconds 
========================================================================
Received Import Request.
  Time since last request: 0.000073 seconds.
  path: Assets/Scripts/playerMove.cs
  artifactKey: Guid(69fba9e266b3e481ea67bf14ee9661a9) Importer(2089858483,0ecaa5967403d082aa24f35e1b516d23)
Start importing Assets/Scripts/playerMove.cs using Guid(69fba9e266b3e481ea67bf14ee9661a9) Importer(2089858483,0ecaa5967403d082aa24f35e1b516d23)  -> (artifact id: '3d5bcc2b562840c5ba0a16e98baca2a4') in 0.160858 seconds 
========================================================================
Received Import Request.
  Time since last request: 0.000243 seconds.
  path: Assets/Artwork/Level/Tiles/redBlock_1.asset
  artifactKey: Guid(1cd32fe591b114c97b9aa21b219e4d84) Importer(2089858483,0ecaa5967403d082aa24f35e1b516d23)
Start importing Assets/Artwork/Level/Tiles/redBlock_1.asset using Guid(1cd32fe591b114c97b9aa21b219e4d84) Importer(2089858483,0ecaa5967403d082aa24f35e1b516d23)  -> (artifact id: '30ce5c400f5c18b872adfe98e451c515') in 0.005499 seconds 
========================================================================
Received Import Request.
  Time since last request: 0.000079 seconds.
  path: Assets/Artwork/Level/Tiles/floor_0.asset
  artifactKey: Guid(77b2c7456d04245bf821b97f6b2cfae7) Importer(2089858483,0ecaa5967403d082aa24f35e1b516d23)
Start importing Assets/Artwork/Level/Tiles/floor_0.asset using Guid(77b2c7456d04245bf821b97f6b2cfae7) Importer(2089858483,0ecaa5967403d082aa24f35e1b516d23)  -> (artifact id: 'baf502b9fc994ab8ae02851effe2a411') in 0.005525 seconds 
========================================================================
Received Import Request.
  Time since last request: 0.000063 seconds.
  path: Assets/Artwork/Level/Tiles/floor_1.asset
  artifactKey: Guid(9de5f8e39782d440d8dba6a0627ce200) Importer(2089858483,0ecaa5967403d082aa24f35e1b516d23)
Start importing Assets/Artwork/Level/Tiles/floor_1.asset using Guid(9de5f8e39782d440d8dba6a0627ce200) Importer(2089858483,0ecaa5967403d082aa24f35e1b516d23)  -> (artifact id: '272c0f6bdfb2ba48021359f8d689a666') in 0.004534 seconds 
========================================================================
Received Import Request.
  Time since last request: 0.000081 seconds.
  path: Assets/Artwork/Level/Tiles/water_4.asset
  artifactKey: Guid(442e24bb88fde492792ea66107583ce0) Importer(2089858483,0ecaa5967403d082aa24f35e1b516d23)
Start importing Assets/Artwork/Level/Tiles/water_4.asset using Guid(442e24bb88fde492792ea66107583ce0) Importer(2089858483,0ecaa5967403d082aa24f35e1b516d23)  -> (artifact id: '1db2fe103f3d6f89ab3f65bdd54bd426') in 0.004773 seconds 
========================================================================
Received Import Request.
  Time since last request: 0.000075 seconds.
  path: Assets/Artwork/Level/Tiles/redBlock_5.asset
  artifactKey: Guid(eb6135bf3132d49e1b36aa9e9ce7b5df) Importer(2089858483,0ecaa5967403d082aa24f35e1b516d23)
Start importing Assets/Artwork/Level/Tiles/redBlock_5.asset using Guid(eb6135bf3132d49e1b36aa9e9ce7b5df) Importer(2089858483,0ecaa5967403d082aa24f35e1b516d23)  -> (artifact id: '26d1cdcd5ebb86784e639ad27610a84c') in 0.005228 seconds 
========================================================================
Received Import Request.
  Time since last request: 0.000085 seconds.
  path: Assets/Artwork/Level/Tiles/water_9.asset
  artifactKey: Guid(f7fc8ad0af8ed47238fb6aa55f135d8b) Importer(2089858483,0ecaa5967403d082aa24f35e1b516d23)
Start importing Assets/Artwork/Level/Tiles/water_9.asset using Guid(f7fc8ad0af8ed47238fb6aa55f135d8b) Importer(2089858483,0ecaa5967403d082aa24f35e1b516d23)  -> (artifact id: '4b060e3d80ea96b37e5ff5b7089b4f9a') in 0.005264 seconds 
========================================================================
Received Import Request.
  Time since last request: 0.000066 seconds.
  path: Assets/Artwork/Level/Tiles/path_3.asset
  artifactKey: Guid(c0242d2222e884c89a07c42076839de2) Importer(2089858483,0ecaa5967403d082aa24f35e1b516d23)
Start importing Assets/Artwork/Level/Tiles/path_3.asset using Guid(c0242d2222e884c89a07c42076839de2) Importer(2089858483,0ecaa5967403d082aa24f35e1b516d23)  -> (artifact id: 'b14de0ca641419c09cddd2d9f75d488c') in 0.004728 seconds 
========================================================================
Received Import Request.
  Time since last request: 0.000079 seconds.
  path: Assets/Artwork/Level/Tiles/river_4.asset
  artifactKey: Guid(fd688e86f7d01449791106994570b458) Importer(2089858483,0ecaa5967403d082aa24f35e1b516d23)
Start importing Assets/Artwork/Level/Tiles/river_4.asset using Guid(fd688e86f7d01449791106994570b458) Importer(2089858483,0ecaa5967403d082aa24f35e1b516d23)  -> (artifact id: '3d6a5efa134a8bb5c35ed8465e3dcc94') in 0.005161 seconds 
========================================================================
Received Import Request.
  Time since last request: 0.000068 seconds.
  path: Assets/Scripts/CamaraMotor.cs
  artifactKey: Guid(1623e03e531304ae3afc614cb16db8b4) Importer(2089858483,0ecaa5967403d082aa24f35e1b516d23)
Start importing Assets/Scripts/CamaraMotor.cs using Guid(1623e03e531304ae3afc614cb16db8b4) Importer(2089858483,0ecaa5967403d082aa24f35e1b516d23)  -> (artifact id: '5ce30f39e590661f2d016b90088b90d4') in 0.002958 seconds 
========================================================================
Received Import Request.
  Time since last request: 0.000073 seconds.
  path: Assets/Artwork/Level/Tiles/water_1.asset
  artifactKey: Guid(095a8d53708814921bddb28429bb2e66) Importer(2089858483,0ecaa5967403d082aa24f35e1b516d23)
Start importing Assets/Artwork/Level/Tiles/water_1.asset using Guid(095a8d53708814921bddb28429bb2e66) Importer(2089858483,0ecaa5967403d082aa24f35e1b516d23)  -> (artifact id: '3639e6e2661c573b3667371fcffb0514') in 0.004535 seconds 
========================================================================
Received Import Request.
  Time since last request: 0.000071 seconds.
  path: Assets/Artwork/Level/Tiles/redBlock_0.asset
  artifactKey: Guid(5b095ed533f1d4f3ab6de7df473394a4) Importer(2089858483,0ecaa5967403d082aa24f35e1b516d23)
Start importing Assets/Artwork/Level/Tiles/redBlock_0.asset using Guid(5b095ed533f1d4f3ab6de7df473394a4) Importer(2089858483,0ecaa5967403d082aa24f35e1b516d23)  -> (artifact id: 'cea86fe58736ecef586c585012f8b908') in 0.005228 seconds 
========================================================================
Received Import Request.
  Time since last request: 0.000070 seconds.
  path: Assets/Artwork/Level/Tiles/path_0.asset
  artifactKey: Guid(90f81e778a2264616b67a11a056ff43c) Importer(2089858483,0ecaa5967403d082aa24f35e1b516d23)
Start importing Assets/Artwork/Level/Tiles/path_0.asset using Guid(90f81e778a2264616b67a11a056ff43c) Importer(2089858483,0ecaa5967403d082aa24f35e1b516d23)  -> (artifact id: '5c9398a99364895ea2a5f679bf915c67') in 0.004320 seconds 
========================================================================
Received Import Request.
  Time since last request: 0.000099 seconds.
  path: Assets/Artwork/Level/Tiles/floor_2.asset
  artifactKey: Guid(49b3a2917fab2444ba48b15236cc91e1) Importer(2089858483,0ecaa5967403d082aa24f35e1b516d23)
Start importing Assets/Artwork/Level/Tiles/floor_2.asset using Guid(49b3a2917fab2444ba48b15236cc91e1) Importer(2089858483,0ecaa5967403d082aa24f35e1b516d23)  -> (artifact id: 'b325cbbe950259950bd2af5ff5a8fbb1') in 0.006079 seconds 
========================================================================
Received Import Request.
  Time since last request: 0.000094 seconds.
  path: Assets/Artwork/Level/Tiles/grass_0.asset
  artifactKey: Guid(4bcc450098f254b0aa3a3c482a40ba8b) Importer(2089858483,0ecaa5967403d082aa24f35e1b516d23)
Start importing Assets/Artwork/Level/Tiles/grass_0.asset using Guid(4bcc450098f254b0aa3a3c482a40ba8b) Importer(2089858483,0ecaa5967403d082aa24f35e1b516d23)  -> (artifact id: '6174898419239a7292b2b46dfb6a4167') in 0.006836 seconds 
========================================================================
Received Import Request.
  Time since last request: 0.000071 seconds.
  path: Assets/Artwork/Level/Tiles/redBlock_6.asset
  artifactKey: Guid(aa502f66c89c84def8489f07967c8cdd) Importer(2089858483,0ecaa5967403d082aa24f35e1b516d23)
Start importing Assets/Artwork/Level/Tiles/redBlock_6.asset using Guid(aa502f66c89c84def8489f07967c8cdd) Importer(2089858483,0ecaa5967403d082aa24f35e1b516d23)  -> (artifact id: '236da3078ca80151774d9a807acf0ba7') in 0.005719 seconds 
========================================================================
Received Import Request.
  Time since last request: 0.000073 seconds.
  path: Assets/Artwork/Level/Tiles/water_2.asset
  artifactKey: Guid(51d2d2a4004ca4fe89a384a4f82eae57) Importer(2089858483,0ecaa5967403d082aa24f35e1b516d23)
Start importing Assets/Artwork/Level/Tiles/water_2.asset using Guid(51d2d2a4004ca4fe89a384a4f82eae57) Importer(2089858483,0ecaa5967403d082aa24f35e1b516d23)  -> (artifact id: '8ab4da275ebf9e5ecca06e9f582d564d') in 0.007200 seconds 
========================================================================
Received Import Request.
  Time since last request: 0.000075 seconds.
  path: Assets/Artwork/Level/Tiles/tree_0.asset
  artifactKey: Guid(b1a03a39e143d4ecea330f9e7451630a) Importer(2089858483,0ecaa5967403d082aa24f35e1b516d23)
Start importing Assets/Artwork/Level/Tiles/tree_0.asset using Guid(b1a03a39e143d4ecea330f9e7451630a) Importer(2089858483,0ecaa5967403d082aa24f35e1b516d23)  -> (artifact id: 'd2b98b438088ea9ba54cf7ff847b7919') in 0.005943 seconds 
========================================================================
Received Import Request.
  Time since last request: 0.000071 seconds.
  path: Assets/Artwork/Level/Tiles/tree_4.asset
  artifactKey: Guid(91c387d329b054b94bddaf6911ab17c5) Importer(2089858483,0ecaa5967403d082aa24f35e1b516d23)
Start importing Assets/Artwork/Level/Tiles/tree_4.asset using Guid(91c387d329b054b94bddaf6911ab17c5) Importer(2089858483,0ecaa5967403d082aa24f35e1b516d23)  -> (artifact id: '8b2e1543702b9e7b89686da102957e59') in 0.004406 seconds 
========================================================================
Received Import Request.
  Time since last request: 0.000073 seconds.
  path: Assets/Artwork/Level/Tiles/fence_3.asset
  artifactKey: Guid(7a53e24793d984aadb5f5b29fccacf1e) Importer(2089858483,0ecaa5967403d082aa24f35e1b516d23)
Start importing Assets/Artwork/Level/Tiles/fence_3.asset using Guid(7a53e24793d984aadb5f5b29fccacf1e) Importer(2089858483,0ecaa5967403d082aa24f35e1b516d23)  -> (artifact id: 'e32792646de314a972223cda7c0347ab') in 0.006642 seconds 
========================================================================
Received Import Request.
  Time since last request: 0.000078 seconds.
  path: Assets/Artwork/Level/Tiles/tree_1.asset
  artifactKey: Guid(97bb4bdbbd6514353a59b26e6b135cdb) Importer(2089858483,0ecaa5967403d082aa24f35e1b516d23)
Start importing Assets/Artwork/Level/Tiles/tree_1.asset using Guid(97bb4bdbbd6514353a59b26e6b135cdb) Importer(2089858483,0ecaa5967403d082aa24f35e1b516d23)  -> (artifact id: '3bd51336e84c44b918150aee179f6263') in 0.004991 seconds 
========================================================================
Received Import Request.
  Time since last request: 0.000058 seconds.
  path: Assets/Artwork/Level/Tiles/water_6.asset
  artifactKey: Guid(9276a08e710874f18a74bb0119c22558) Importer(2089858483,0ecaa5967403d082aa24f35e1b516d23)
Start importing Assets/Artwork/Level/Tiles/water_6.asset using Guid(9276a08e710874f18a74bb0119c22558) Importer(2089858483,0ecaa5967403d082aa24f35e1b516d23)  -> (artifact id: '8a0cc2c9cc0ae32ba74f5a326e6207f9') in 0.004954 seconds 
========================================================================
Received Import Request.
  Time since last request: 0.000103 seconds.
  path: Assets/Artwork/Level/Tiles/fence_0.asset
  artifactKey: Guid(60b86ec92f2954075869e8f40a48e05a) Importer(2089858483,0ecaa5967403d082aa24f35e1b516d23)
Start importing Assets/Artwork/Level/Tiles/fence_0.asset using Guid(60b86ec92f2954075869e8f40a48e05a) Importer(2089858483,0ecaa5967403d082aa24f35e1b516d23)  -> (artifact id: '54d62c7573bf9e88d4cf9945ed61191a') in 0.005267 seconds 
========================================================================
Received Import Request.
  Time since last request: 0.000077 seconds.
  path: Assets/Scripts/Colidable.cs
  artifactKey: Guid(743c9da75634144788d2d930f1903f2b) Importer(2089858483,0ecaa5967403d082aa24f35e1b516d23)
Start importing Assets/Scripts/Colidable.cs using Guid(743c9da75634144788d2d930f1903f2b) Importer(2089858483,0ecaa5967403d082aa24f35e1b516d23)  -> (artifact id: '95aa70a829f70d8be8cace761ca7b890') in 0.003034 seconds 
========================================================================
Received Import Request.
  Time since last request: 0.000077 seconds.
  path: Assets/Artwork/Level/Dungeon.prefab
  artifactKey: Guid(b81fb0d53c5b044b0b7aafdc6f1796cf) Importer(2089858483,0ecaa5967403d082aa24f35e1b516d23)
Start importing Assets/Artwork/Level/Dungeon.prefab using Guid(b81fb0d53c5b044b0b7aafdc6f1796cf) Importer(2089858483,0ecaa5967403d082aa24f35e1b516d23)  -> (artifact id: 'f5b76eafa130699338f99050f614899b') in 0.278420 seconds 
========================================================================
Received Import Request.
  Time since last request: 0.000093 seconds.
  path: Assets/Artwork/Level/Tiles/redBlock_3.asset
  artifactKey: Guid(65076e9e3485b489b97752e148d526fd) Importer(2089858483,0ecaa5967403d082aa24f35e1b516d23)
Start importing Assets/Artwork/Level/Tiles/redBlock_3.asset using Guid(65076e9e3485b489b97752e148d526fd) Importer(2089858483,0ecaa5967403d082aa24f35e1b516d23)  -> (artifact id: 'a87616cf0871e69e331bd8222e9e132c') in 0.007444 seconds 
========================================================================
Received Import Request.
  Time since last request: 0.000074 seconds.
  path: Assets/Artwork/Level/Tiles/redBlock_2.asset
  artifactKey: Guid(0763ae035681c48d89737389db0fa3c9) Importer(2089858483,0ecaa5967403d082aa24f35e1b516d23)
Start importing Assets/Artwork/Level/Tiles/redBlock_2.asset using Guid(0763ae035681c48d89737389db0fa3c9) Importer(2089858483,0ecaa5967403d082aa24f35e1b516d23)  -> (artifact id: 'fb833d89be9cf049f9591d155d7d5ede') in 0.004622 seconds 
========================================================================
Received Import Request.
  Time since last request: 0.000086 seconds.
  path: Assets/Artwork/Level/Tiles/bridge_2.asset
  artifactKey: Guid(98b64ccbffe89473bba894ef4aaff0eb) Importer(2089858483,0ecaa5967403d082aa24f35e1b516d23)
Start importing Assets/Artwork/Level/Tiles/bridge_2.asset using Guid(98b64ccbffe89473bba894ef4aaff0eb) Importer(2089858483,0ecaa5967403d082aa24f35e1b516d23)  -> (artifact id: '4c18d2baa55476d7a58c0c54455482ad') in 0.004833 seconds 
========================================================================
Received Import Request.
  Time since last request: 0.000076 seconds.
  path: Assets/Artwork/Level/Tiles/path_5.asset
  artifactKey: Guid(5c4559a0250cc4086a3b2eab24b88b03) Importer(2089858483,0ecaa5967403d082aa24f35e1b516d23)
Start importing Assets/Artwork/Level/Tiles/path_5.asset using Guid(5c4559a0250cc4086a3b2eab24b88b03) Importer(2089858483,0ecaa5967403d082aa24f35e1b516d23)  -> (artifact id: '5d024465d258a1d1458e4e9f1ff684aa') in 0.004717 seconds 
========================================================================
Received Import Request.
  Time since last request: 0.000090 seconds.
  path: Assets/Artwork/Level/Tiles/river_2.asset
  artifactKey: Guid(eeae8ff465c39400d9427b9eaeac2d31) Importer(2089858483,0ecaa5967403d082aa24f35e1b516d23)
Start importing Assets/Artwork/Level/Tiles/river_2.asset using Guid(eeae8ff465c39400d9427b9eaeac2d31) Importer(2089858483,0ecaa5967403d082aa24f35e1b516d23)  -> (artifact id: 'a2083a4b8944b14c310a85f5d31a0f9b') in 0.004970 seconds 
========================================================================
Received Import Request.
  Time since last request: 0.000113 seconds.
  path: Assets/Artwork/Level/Tiles/river_5.asset
  artifactKey: Guid(6ff93746db3ff4adcb4cd3e99d10f4b2) Importer(2089858483,0ecaa5967403d082aa24f35e1b516d23)
Start importing Assets/Artwork/Level/Tiles/river_5.asset using Guid(6ff93746db3ff4adcb4cd3e99d10f4b2) Importer(2089858483,0ecaa5967403d082aa24f35e1b516d23)  -> (artifact id: '1f91a7cd5a76e6e26d8f1b9081cb4bde') in 0.005347 seconds 
========================================================================
Received Import Request.
  Time since last request: 0.000100 seconds.
  path: Assets/Artwork/Level/Tiles/water_0.asset
  artifactKey: Guid(1f729a60c809d4f7ea8334b978a7f907) Importer(2089858483,0ecaa5967403d082aa24f35e1b516d23)
Start importing Assets/Artwork/Level/Tiles/water_0.asset using Guid(1f729a60c809d4f7ea8334b978a7f907) Importer(2089858483,0ecaa5967403d082aa24f35e1b516d23)  -> (artifact id: 'b6edc5da13bb36bd8f0369062f91703e') in 0.004433 seconds 
========================================================================
Received Import Request.
  Time since last request: 0.000072 seconds.
  path: Assets/Artwork/Level/Tiles/water_8.asset
  artifactKey: Guid(388283d437281496a8d23bb049a018fa) Importer(2089858483,0ecaa5967403d082aa24f35e1b516d23)
Start importing Assets/Artwork/Level/Tiles/water_8.asset using Guid(388283d437281496a8d23bb049a018fa) Importer(2089858483,0ecaa5967403d082aa24f35e1b516d23)  -> (artifact id: '0da78946add0962ce65e3cb40b7438d1') in 0.003786 seconds 
========================================================================
Received Import Request.
  Time since last request: 0.000066 seconds.
  path: Assets/Artwork/Level/Tiles/water_3.asset
  artifactKey: Guid(590a287e2ac9d46ae891e9e6f8b2e12e) Importer(2089858483,0ecaa5967403d082aa24f35e1b516d23)
Start importing Assets/Artwork/Level/Tiles/water_3.asset using Guid(590a287e2ac9d46ae891e9e6f8b2e12e) Importer(2089858483,0ecaa5967403d082aa24f35e1b516d23)  -> (artifact id: 'cc7e47deafd695e2edc6e1d951fbc7b8') in 0.004872 seconds 
========================================================================
Received Import Request.
  Time since last request: 0.000079 seconds.
  path: Assets/Artwork/Level/Tiles/bridge_0.asset
  artifactKey: Guid(3db51a46aef3c47cfa09a7d2dc4047e8) Importer(2089858483,0ecaa5967403d082aa24f35e1b516d23)
Start importing Assets/Artwork/Level/Tiles/bridge_0.asset using Guid(3db51a46aef3c47cfa09a7d2dc4047e8) Importer(2089858483,0ecaa5967403d082aa24f35e1b516d23)  -> (artifact id: 'bf20cd72fea2ec5a8f57368b8cf16864') in 0.004487 seconds 
========================================================================
Received Import Request.
  Time since last request: 0.000075 seconds.
  path: Assets/Artwork/Level/Tiles/bridge_1.asset
  artifactKey: Guid(52f2114c00d5e417eb1588924dc732fd) Importer(2089858483,0ecaa5967403d082aa24f35e1b516d23)
Start importing Assets/Artwork/Level/Tiles/bridge_1.asset using Guid(52f2114c00d5e417eb1588924dc732fd) Importer(2089858483,0ecaa5967403d082aa24f35e1b516d23)  -> (artifact id: 'ee99634f74fabfa10efcf38db34bcd12') in 0.004037 seconds 
========================================================================
Received Import Request.
  Time since last request: 0.000069 seconds.
  path: Assets/Artwork/Level/Tiles/tree_3.asset
  artifactKey: Guid(d120523e831514caf938e438ab733bcb) Importer(2089858483,0ecaa5967403d082aa24f35e1b516d23)
Start importing Assets/Artwork/Level/Tiles/tree_3.asset using Guid(d120523e831514caf938e438ab733bcb) Importer(2089858483,0ecaa5967403d082aa24f35e1b516d23)  -> (artifact id: 'ef900ee6089d2f61fa3bdc6cd43627cc') in 0.005206 seconds 
========================================================================
Received Import Request.
  Time since last request: 0.000073 seconds.
  path: Assets/Artwork/Level/Tiles/path_6.asset
  artifactKey: Guid(460f7bfeef6034434b7d6829982d8160) Importer(2089858483,0ecaa5967403d082aa24f35e1b516d23)
Start importing Assets/Artwork/Level/Tiles/path_6.asset using Guid(460f7bfeef6034434b7d6829982d8160) Importer(2089858483,0ecaa5967403d082aa24f35e1b516d23)  -> (artifact id: '92e7a6096413ed52e4f3a9516ec7f84d') in 0.004171 seconds 
========================================================================
Received Import Request.
  Time since last request: 0.000077 seconds.
  path: Assets/Artwork/Level/Tiles/path_4.asset
  artifactKey: Guid(1b47935b589c24b82b72d4eb78a7c5b0) Importer(2089858483,0ecaa5967403d082aa24f35e1b516d23)
Start importing Assets/Artwork/Level/Tiles/path_4.asset using Guid(1b47935b589c24b82b72d4eb78a7c5b0) Importer(2089858483,0ecaa5967403d082aa24f35e1b516d23)  -> (artifact id: 'd8ef7025d6e8e30f4cc2f4b2098360e3') in 0.004190 seconds 
========================================================================
Received Import Request.
  Time since last request: 0.000078 seconds.
  path: Assets/Artwork/Level/Tiles/river_1.asset
  artifactKey: Guid(6ff00f01bbc5a4a658de4385497de147) Importer(2089858483,0ecaa5967403d082aa24f35e1b516d23)
Start importing Assets/Artwork/Level/Tiles/river_1.asset using Guid(6ff00f01bbc5a4a658de4385497de147) Importer(2089858483,0ecaa5967403d082aa24f35e1b516d23)  -> (artifact id: '6a63e6bed730be89b91fff44e5fb6539') in 0.004907 seconds 
========================================================================
Received Prepare
Refreshing native plugins compatible for Editor in 6.83 ms, found 3 plugins.
Preloading 0 native plugins for Editor in 0.00 ms.
Unloading 31 Unused Serialized files (Serialized files now loaded: 0)
Unloading 31 unused Assets / (172.5 KB). Loaded Objects now: 4511.
Memory consumption went from 198.8 MB to 198.6 MB.
Total: 15.006583 ms (FindLiveObjects: 0.338500 ms CreateObjectMapping: 0.107292 ms MarkObjects: 14.314500 ms  DeleteObjects: 0.245334 ms)

AssetImportParameters requested are different than current active one (requested -> active):
  custom:video-decoder-ogg-theora: a1e56fd34408186e4bbccfd4996cb3dc -> 
  custom:container-muxer-webm: aa71ff27fc2769a1b78a27578f13a17b -> 
  custom:container-demuxer-webm: 4f35f7cbe854078d1ac9338744f61a02 -> 
  custom:video-encoder-webm-vp8: eb34c28f22e8b96e1ab97ce403110664 -> 
  custom:framework-osx-AVFoundation: e770b220cccbd017edd2c1fefb359320 -> 
  custom:audio-encoder-webm-vorbis: bf7c407c2cedff20999df2af8eb42d56 -> 
  custom:SearchIndexIgnoredProperties: e643bd26f0fe6173181afceb89e7c659 -> 
  custom:container-demuxer-ogg: 62fdf1f143b41e24485cea50d1cbac27 -> 
  custom:video-decoder-webm-vp8: 9c59270c3fd7afecdb556c50c9e8de78 -> 
  custom:audio-decoder-ogg-vorbis: bf7c407c2cedff20999df2af8eb42d56 -> 
========================================================================
Received Prepare
Registering precompiled user dll's ...
Registered in 0.002296 seconds.
Begin MonoManager ReloadAssembly
Symbol file LoadedFromMemory doesn't match image /Users/benjamintoro/Desktop/2DGame_TSU/Library/PackageCache/com.unity.visualscripting@1.7.8/Editor/VisualScripting.Core/Dependencies/YamlDotNet/Unity.VisualScripting.YamlDotNet.dll
Symbol file LoadedFromMemory doesn't match image /Users/benjamintoro/Desktop/2DGame_TSU/Library/PackageCache/com.unity.visualscripting@1.7.8/Editor/VisualScripting.Core/Dependencies/DotNetZip/Unity.VisualScripting.IonicZip.dll
Native extension for iOS target not found
Native extension for Android target not found
Native extension for OSXStandalone target not found
Native extension for WebGL target not found
Refreshing native plugins compatible for Editor in 1.85 ms, found 3 plugins.
Preloading 0 native plugins for Editor in 0.00 ms.
Mono: successfully reloaded assembly
- Completed reload, in  3.360 seconds
Domain Reload Profiling:
	ReloadAssembly (3363ms)
		BeginReloadAssembly (503ms)
			ExecutionOrderSort (0ms)
			DisableScriptedObjects (63ms)
			BackupInstance (0ms)
			ReleaseScriptingObjects (0ms)
			CreateAndSetChildDomain (195ms)
		EndReloadAssembly (2548ms)
			LoadAssemblies (256ms)
			RebuildTransferFunctionScriptingTraits (0ms)
			SetupTypeCache (412ms)
			ReleaseScriptCaches (15ms)
			RebuildScriptCaches (79ms)
			SetupLoadedEditorAssemblies (1606ms)
				LogAssemblyErrors (0ms)
				InitializePlatformSupportModulesInManaged (119ms)
				SetLoadedEditorAssemblies (2ms)
				RefreshPlugins (2ms)
				BeforeProcessingInitializeOnLoad (152ms)
				ProcessInitializeOnLoadAttributes (1149ms)
				ProcessInitializeOnLoadMethodAttributes (181ms)
				AfterProcessingInitializeOnLoad (1ms)
				EditorAssembliesLoaded (0ms)
			ExecutionOrderSort2 (0ms)
			AwakeInstancesAfterBackupRestoration (19ms)
Platform modules already initialized, skipping
Refreshing native plugins compatible for Editor in 2.07 ms, found 3 plugins.
Preloading 0 native plugins for Editor in 0.00 ms.
Unloading 4065 Unused Serialized files (Serialized files now loaded: 0)
Unloading 31 unused Assets / (172.3 KB). Loaded Objects now: 4525.
Memory consumption went from 278.4 MB to 278.3 MB.
Total: 6.093834 ms (FindLiveObjects: 0.299709 ms CreateObjectMapping: 0.147792 ms MarkObjects: 5.445083 ms  DeleteObjects: 0.199875 ms)

AssetImportParameters requested are different than current active one (requested -> active):
  custom:video-decoder-ogg-theora: a1e56fd34408186e4bbccfd4996cb3dc -> 
  custom:container-muxer-webm: aa71ff27fc2769a1b78a27578f13a17b -> 
  custom:container-demuxer-webm: 4f35f7cbe854078d1ac9338744f61a02 -> 
  custom:video-encoder-webm-vp8: eb34c28f22e8b96e1ab97ce403110664 -> 
  custom:framework-osx-AVFoundation: e770b220cccbd017edd2c1fefb359320 -> 
  custom:audio-encoder-webm-vorbis: bf7c407c2cedff20999df2af8eb42d56 -> 
  custom:SearchIndexIgnoredProperties: e643bd26f0fe6173181afceb89e7c659 -> 
  custom:container-demuxer-ogg: 62fdf1f143b41e24485cea50d1cbac27 -> 
  custom:video-decoder-webm-vp8: 9c59270c3fd7afecdb556c50c9e8de78 -> 
  custom:audio-decoder-ogg-vorbis: bf7c407c2cedff20999df2af8eb42d56 -> 
========================================================================
Received Import Request.
  Time since last request: 235.056403 seconds.
  path: Assets/Joystick Pack/Prefabs/Dynamic Joystick.prefab
  artifactKey: Guid(56fae09712773584fb63896d473a98ee) Importer(815301076,1909f56bfc062723c751e8b465ee728b)
Start importing Assets/Joystick Pack/Prefabs/Dynamic Joystick.prefab using Guid(56fae09712773584fb63896d473a98ee) Importer(815301076,1909f56bfc062723c751e8b465ee728b)  -> (artifact id: 'f21d389ee5fce2c19590632f3b589698') in 0.172318 seconds 
========================================================================
Received Import Request.
  Time since last request: 0.000159 seconds.
  path: Assets/Joystick Pack/Prefabs/Variable Joystick.prefab
  artifactKey: Guid(ec536a7718376554185e4a856d5ae230) Importer(815301076,1909f56bfc062723c751e8b465ee728b)
Start importing Assets/Joystick Pack/Prefabs/Variable Joystick.prefab using Guid(ec536a7718376554185e4a856d5ae230) Importer(815301076,1909f56bfc062723c751e8b465ee728b)  -> (artifact id: '80f42d8b7e46b491f6e7e35b90bd45a4') in 0.009613 seconds 
========================================================================
Received Import Request.
  Time since last request: 0.000082 seconds.
  path: Assets/Joystick Pack/Prefabs/Floating Joystick.prefab
  artifactKey: Guid(0d230cc8be529a542a08cb878ab14b18) Importer(815301076,1909f56bfc062723c751e8b465ee728b)
Start importing Assets/Joystick Pack/Prefabs/Floating Joystick.prefab using Guid(0d230cc8be529a542a08cb878ab14b18) Importer(815301076,1909f56bfc062723c751e8b465ee728b)  -> (artifact id: 'a4c12f7f3ea9b18c55dc4d9611098025') in 0.012899 seconds 
========================================================================
Received Prepare
Registering precompiled user dll's ...
Registered in 0.005428 seconds.
Begin MonoManager ReloadAssembly
Symbol file LoadedFromMemory doesn't match image /Users/benjamintoro/Desktop/2DGame_TSU/Library/PackageCache/com.unity.visualscripting@1.7.8/Editor/VisualScripting.Core/Dependencies/YamlDotNet/Unity.VisualScripting.YamlDotNet.dll
Symbol file LoadedFromMemory doesn't match image /Users/benjamintoro/Desktop/2DGame_TSU/Library/PackageCache/com.unity.visualscripting@1.7.8/Editor/VisualScripting.Core/Dependencies/DotNetZip/Unity.VisualScripting.IonicZip.dll
Native extension for iOS target not found
Native extension for Android target not found
Native extension for OSXStandalone target not found
Native extension for WebGL target not found
Refreshing native plugins compatible for Editor in 2.43 ms, found 3 plugins.
Preloading 0 native plugins for Editor in 0.00 ms.
Mono: successfully reloaded assembly
- Completed reload, in  4.800 seconds
Domain Reload Profiling:
	ReloadAssembly (4802ms)
		BeginReloadAssembly (839ms)
			ExecutionOrderSort (0ms)
			DisableScriptedObjects (170ms)
			BackupInstance (0ms)
			ReleaseScriptingObjects (0ms)
			CreateAndSetChildDomain (270ms)
		EndReloadAssembly (3550ms)
			LoadAssemblies (514ms)
			RebuildTransferFunctionScriptingTraits (0ms)
			SetupTypeCache (461ms)
			ReleaseScriptCaches (15ms)
			RebuildScriptCaches (98ms)
			SetupLoadedEditorAssemblies (2229ms)
				LogAssemblyErrors (0ms)
				InitializePlatformSupportModulesInManaged (222ms)
				SetLoadedEditorAssemblies (8ms)
				RefreshPlugins (5ms)
				BeforeProcessingInitializeOnLoad (155ms)
				ProcessInitializeOnLoadAttributes (1607ms)
				ProcessInitializeOnLoadMethodAttributes (232ms)
				AfterProcessingInitializeOnLoad (1ms)
				EditorAssembliesLoaded (0ms)
			ExecutionOrderSort2 (0ms)
			AwakeInstancesAfterBackupRestoration (22ms)
Platform modules already initialized, skipping
Refreshing native plugins compatible for Editor in 2.17 ms, found 3 plugins.
Preloading 0 native plugins for Editor in 0.00 ms.
Unloading 4065 Unused Serialized files (Serialized files now loaded: 0)
Unloading 31 unused Assets / (172.3 KB). Loaded Objects now: 4528.
Memory consumption went from 279.2 MB to 279.0 MB.
Total: 7.835125 ms (FindLiveObjects: 0.314541 ms CreateObjectMapping: 0.135917 ms MarkObjects: 7.195000 ms  DeleteObjects: 0.188125 ms)

AssetImportParameters requested are different than current active one (requested -> active):
  custom:video-decoder-ogg-theora: a1e56fd34408186e4bbccfd4996cb3dc -> 
  custom:container-muxer-webm: aa71ff27fc2769a1b78a27578f13a17b -> 
  custom:container-demuxer-webm: 4f35f7cbe854078d1ac9338744f61a02 -> 
  custom:video-encoder-webm-vp8: eb34c28f22e8b96e1ab97ce403110664 -> 
  custom:framework-osx-AVFoundation: e770b220cccbd017edd2c1fefb359320 -> 
  custom:audio-encoder-webm-vorbis: bf7c407c2cedff20999df2af8eb42d56 -> 
  custom:SearchIndexIgnoredProperties: e643bd26f0fe6173181afceb89e7c659 -> 
  custom:container-demuxer-ogg: 62fdf1f143b41e24485cea50d1cbac27 -> 
  custom:video-decoder-webm-vp8: 9c59270c3fd7afecdb556c50c9e8de78 -> 
  custom:audio-decoder-ogg-vorbis: bf7c407c2cedff20999df2af8eb42d56 -> 
========================================================================
Received Import Request.
  Time since last request: 321.763561 seconds.
  path: Assets/Scripts/playerMove.cs
  artifactKey: Guid(69fba9e266b3e481ea67bf14ee9661a9) Importer(815301076,1909f56bfc062723c751e8b465ee728b)
Start importing Assets/Scripts/playerMove.cs using Guid(69fba9e266b3e481ea67bf14ee9661a9) Importer(815301076,1909f56bfc062723c751e8b465ee728b)  -> (artifact id: '8b523f1100a5c9b0512e8b793db51468') in 0.213256 seconds 
========================================================================
Received Import Request.
  Time since last request: 2.621772 seconds.
  path: Assets/Scripts/CamaraMotor.cs
  artifactKey: Guid(1623e03e531304ae3afc614cb16db8b4) Importer(815301076,1909f56bfc062723c751e8b465ee728b)
Start importing Assets/Scripts/CamaraMotor.cs using Guid(1623e03e531304ae3afc614cb16db8b4) Importer(815301076,1909f56bfc062723c751e8b465ee728b)  -> (artifact id: '2b9e5cd7da1166999b32b631bb8578bf') in 0.002057 seconds 
========================================================================
Received Import Request.
  Time since last request: 36.637688 seconds.
  path: Assets/Scripts/playerMove.cs
  artifactKey: Guid(69fba9e266b3e481ea67bf14ee9661a9) Importer(815301076,1909f56bfc062723c751e8b465ee728b)
Start importing Assets/Scripts/playerMove.cs using Guid(69fba9e266b3e481ea67bf14ee9661a9) Importer(815301076,1909f56bfc062723c751e8b465ee728b)  -> (artifact id: '958f63d7b9be6d4f50a1e2d39819885b') in 0.017603 seconds 
========================================================================
Received Prepare
Registering precompiled user dll's ...
Registered in 0.005152 seconds.
Begin MonoManager ReloadAssembly
Symbol file LoadedFromMemory doesn't match image /Users/benjamintoro/Desktop/2DGame_TSU/Library/PackageCache/com.unity.visualscripting@1.7.8/Editor/VisualScripting.Core/Dependencies/YamlDotNet/Unity.VisualScripting.YamlDotNet.dll
Symbol file LoadedFromMemory doesn't match image /Users/benjamintoro/Desktop/2DGame_TSU/Library/PackageCache/com.unity.visualscripting@1.7.8/Editor/VisualScripting.Core/Dependencies/DotNetZip/Unity.VisualScripting.IonicZip.dll
Native extension for iOS target not found
Native extension for Android target not found
Native extension for OSXStandalone target not found
Native extension for WebGL target not found
Refreshing native plugins compatible for Editor in 1.72 ms, found 3 plugins.
Preloading 0 native plugins for Editor in 0.00 ms.
Mono: successfully reloaded assembly
- Completed reload, in  4.849 seconds
Domain Reload Profiling:
	ReloadAssembly (4854ms)
		BeginReloadAssembly (816ms)
			ExecutionOrderSort (0ms)
			DisableScriptedObjects (127ms)
			BackupInstance (0ms)
			ReleaseScriptingObjects (0ms)
			CreateAndSetChildDomain (271ms)
		EndReloadAssembly (3692ms)
			LoadAssemblies (632ms)
			RebuildTransferFunctionScriptingTraits (0ms)
			SetupTypeCache (422ms)
			ReleaseScriptCaches (12ms)
			RebuildScriptCaches (75ms)
			SetupLoadedEditorAssemblies (2437ms)
				LogAssemblyErrors (0ms)
				InitializePlatformSupportModulesInManaged (158ms)
				SetLoadedEditorAssemblies (2ms)
				RefreshPlugins (2ms)
				BeforeProcessingInitializeOnLoad (240ms)
				ProcessInitializeOnLoadAttributes (1874ms)
				ProcessInitializeOnLoadMethodAttributes (161ms)
				AfterProcessingInitializeOnLoad (1ms)
				EditorAssembliesLoaded (0ms)
			ExecutionOrderSort2 (0ms)
			AwakeInstancesAfterBackupRestoration (21ms)
Platform modules already initialized, skipping
Refreshing native plugins compatible for Editor in 2.53 ms, found 3 plugins.
Preloading 0 native plugins for Editor in 0.00 ms.
Unloading 4065 Unused Serialized files (Serialized files now loaded: 0)
Unloading 31 unused Assets / (172.4 KB). Loaded Objects now: 4531.
Memory consumption went from 279.4 MB to 279.2 MB.
Total: 4.656958 ms (FindLiveObjects: 0.274125 ms CreateObjectMapping: 0.147667 ms MarkObjects: 3.625250 ms  DeleteObjects: 0.608833 ms)

AssetImportParameters requested are different than current active one (requested -> active):
  custom:video-decoder-ogg-theora: a1e56fd34408186e4bbccfd4996cb3dc -> 
  custom:container-muxer-webm: aa71ff27fc2769a1b78a27578f13a17b -> 
  custom:container-demuxer-webm: 4f35f7cbe854078d1ac9338744f61a02 -> 
  custom:video-encoder-webm-vp8: eb34c28f22e8b96e1ab97ce403110664 -> 
  custom:framework-osx-AVFoundation: e770b220cccbd017edd2c1fefb359320 -> 
  custom:audio-encoder-webm-vorbis: bf7c407c2cedff20999df2af8eb42d56 -> 
  custom:SearchIndexIgnoredProperties: e643bd26f0fe6173181afceb89e7c659 -> 
  custom:container-demuxer-ogg: 62fdf1f143b41e24485cea50d1cbac27 -> 
  custom:video-decoder-webm-vp8: 9c59270c3fd7afecdb556c50c9e8de78 -> 
  custom:audio-decoder-ogg-vorbis: bf7c407c2cedff20999df2af8eb42d56 -> 
========================================================================
Received Prepare
Registering precompiled user dll's ...
Registered in 0.004723 seconds.
Begin MonoManager ReloadAssembly
Symbol file LoadedFromMemory doesn't match image /Users/benjamintoro/Desktop/2DGame_TSU/Library/PackageCache/com.unity.visualscripting@1.7.8/Editor/VisualScripting.Core/Dependencies/YamlDotNet/Unity.VisualScripting.YamlDotNet.dll
Symbol file LoadedFromMemory doesn't match image /Users/benjamintoro/Desktop/2DGame_TSU/Library/PackageCache/com.unity.visualscripting@1.7.8/Editor/VisualScripting.Core/Dependencies/DotNetZip/Unity.VisualScripting.IonicZip.dll
Native extension for iOS target not found
Native extension for Android target not found
Native extension for OSXStandalone target not found
Native extension for WebGL target not found
Refreshing native plugins compatible for Editor in 4.62 ms, found 3 plugins.
Preloading 0 native plugins for Editor in 0.00 ms.
Mono: successfully reloaded assembly
- Completed reload, in  3.199 seconds
Domain Reload Profiling:
	ReloadAssembly (3202ms)
		BeginReloadAssembly (383ms)
			ExecutionOrderSort (0ms)
			DisableScriptedObjects (70ms)
			BackupInstance (0ms)
			ReleaseScriptingObjects (0ms)
			CreateAndSetChildDomain (112ms)
		EndReloadAssembly (2485ms)
			LoadAssemblies (218ms)
			RebuildTransferFunctionScriptingTraits (0ms)
			SetupTypeCache (386ms)
			ReleaseScriptCaches (8ms)
			RebuildScriptCaches (74ms)
			SetupLoadedEditorAssemblies (1516ms)
				LogAssemblyErrors (0ms)
				InitializePlatformSupportModulesInManaged (128ms)
				SetLoadedEditorAssemblies (2ms)
				RefreshPlugins (5ms)
				BeforeProcessingInitializeOnLoad (147ms)
				ProcessInitializeOnLoadAttributes (1055ms)
				ProcessInitializeOnLoadMethodAttributes (179ms)
				AfterProcessingInitializeOnLoad (1ms)
				EditorAssembliesLoaded (0ms)
			ExecutionOrderSort2 (0ms)
			AwakeInstancesAfterBackupRestoration (22ms)
Platform modules already initialized, skipping
Refreshing native plugins compatible for Editor in 1.46 ms, found 3 plugins.
Preloading 0 native plugins for Editor in 0.00 ms.
Unloading 4065 Unused Serialized files (Serialized files now loaded: 0)
Unloading 31 unused Assets / (172.3 KB). Loaded Objects now: 4534.
Memory consumption went from 279.6 MB to 279.4 MB.
Total: 4.158834 ms (FindLiveObjects: 0.292875 ms CreateObjectMapping: 0.132583 ms MarkObjects: 3.544833 ms  DeleteObjects: 0.187292 ms)

AssetImportParameters requested are different than current active one (requested -> active):
  custom:video-decoder-ogg-theora: a1e56fd34408186e4bbccfd4996cb3dc -> 
  custom:container-muxer-webm: aa71ff27fc2769a1b78a27578f13a17b -> 
  custom:container-demuxer-webm: 4f35f7cbe854078d1ac9338744f61a02 -> 
  custom:video-encoder-webm-vp8: eb34c28f22e8b96e1ab97ce403110664 -> 
  custom:framework-osx-AVFoundation: e770b220cccbd017edd2c1fefb359320 -> 
  custom:audio-encoder-webm-vorbis: bf7c407c2cedff20999df2af8eb42d56 -> 
  custom:SearchIndexIgnoredProperties: e643bd26f0fe6173181afceb89e7c659 -> 
  custom:container-demuxer-ogg: 62fdf1f143b41e24485cea50d1cbac27 -> 
  custom:video-decoder-webm-vp8: 9c59270c3fd7afecdb556c50c9e8de78 -> 
  custom:audio-decoder-ogg-vorbis: bf7c407c2cedff20999df2af8eb42d56 -> 
========================================================================
Received Prepare
Registering precompiled user dll's ...
Registered in 0.003171 seconds.
Begin MonoManager ReloadAssembly
Symbol file LoadedFromMemory doesn't match image /Users/benjamintoro/Desktop/2DGame_TSU/Library/PackageCache/com.unity.visualscripting@1.7.8/Editor/VisualScripting.Core/Dependencies/YamlDotNet/Unity.VisualScripting.YamlDotNet.dll
Symbol file LoadedFromMemory doesn't match image /Users/benjamintoro/Desktop/2DGame_TSU/Library/PackageCache/com.unity.visualscripting@1.7.8/Editor/VisualScripting.Core/Dependencies/DotNetZip/Unity.VisualScripting.IonicZip.dll
Native extension for iOS target not found
Native extension for Android target not found
Native extension for OSXStandalone target not found
Native extension for WebGL target not found
Refreshing native plugins compatible for Editor in 1.90 ms, found 3 plugins.
Preloading 0 native plugins for Editor in 0.00 ms.
Mono: successfully reloaded assembly
- Completed reload, in  5.004 seconds
Domain Reload Profiling:
	ReloadAssembly (5007ms)
		BeginReloadAssembly (1091ms)
			ExecutionOrderSort (0ms)
			DisableScriptedObjects (122ms)
			BackupInstance (0ms)
			ReleaseScriptingObjects (0ms)
			CreateAndSetChildDomain (333ms)
		EndReloadAssembly (3501ms)
			LoadAssemblies (754ms)
			RebuildTransferFunctionScriptingTraits (0ms)
			SetupTypeCache (487ms)
			ReleaseScriptCaches (12ms)
			RebuildScriptCaches (64ms)
			SetupLoadedEditorAssemblies (2220ms)
				LogAssemblyErrors (0ms)
				InitializePlatformSupportModulesInManaged (224ms)
				SetLoadedEditorAssemblies (5ms)
				RefreshPlugins (2ms)
				BeforeProcessingInitializeOnLoad (198ms)
				ProcessInitializeOnLoadAttributes (1450ms)
				ProcessInitializeOnLoadMethodAttributes (340ms)
				AfterProcessingInitializeOnLoad (1ms)
				EditorAssembliesLoaded (0ms)
			ExecutionOrderSort2 (0ms)
			AwakeInstancesAfterBackupRestoration (37ms)
Platform modules already initialized, skipping
Refreshing native plugins compatible for Editor in 2.08 ms, found 3 plugins.
Preloading 0 native plugins for Editor in 0.00 ms.
Unloading 4065 Unused Serialized files (Serialized files now loaded: 0)
Unloading 31 unused Assets / (172.4 KB). Loaded Objects now: 4537.
Memory consumption went from 279.9 MB to 279.7 MB.
Total: 4.235208 ms (FindLiveObjects: 0.785584 ms CreateObjectMapping: 0.147541 ms MarkObjects: 3.146500 ms  DeleteObjects: 0.154667 ms)

AssetImportParameters requested are different than current active one (requested -> active):
  custom:video-decoder-ogg-theora: a1e56fd34408186e4bbccfd4996cb3dc -> 
  custom:container-muxer-webm: aa71ff27fc2769a1b78a27578f13a17b -> 
  custom:container-demuxer-webm: 4f35f7cbe854078d1ac9338744f61a02 -> 
  custom:video-encoder-webm-vp8: eb34c28f22e8b96e1ab97ce403110664 -> 
  custom:framework-osx-AVFoundation: e770b220cccbd017edd2c1fefb359320 -> 
  custom:audio-encoder-webm-vorbis: bf7c407c2cedff20999df2af8eb42d56 -> 
  custom:SearchIndexIgnoredProperties: e643bd26f0fe6173181afceb89e7c659 -> 
  custom:container-demuxer-ogg: 62fdf1f143b41e24485cea50d1cbac27 -> 
  custom:video-decoder-webm-vp8: 9c59270c3fd7afecdb556c50c9e8de78 -> 
  custom:audio-decoder-ogg-vorbis: bf7c407c2cedff20999df2af8eb42d56 -> 
========================================================================
Received Import Request.
  Time since last request: 556.692272 seconds.
  path: Assets/Joystick Pack
  artifactKey: Guid(7418fd5ae1b9f48428628aa4cd0a9af5) Importer(815301076,1909f56bfc062723c751e8b465ee728b)
Start importing Assets/Joystick Pack using Guid(7418fd5ae1b9f48428628aa4cd0a9af5) Importer(815301076,1909f56bfc062723c751e8b465ee728b)  -> (artifact id: '4559249ccf2fd5fc2a06af8eded9de07') in 0.041317 seconds 
========================================================================
Received Import Request.
  Time since last request: 3.942183 seconds.
  path: Assets/Joystick Pack/Prefabs
  artifactKey: Guid(d41e4075f56d1e1438b3af3673ec6081) Importer(815301076,1909f56bfc062723c751e8b465ee728b)
Start importing Assets/Joystick Pack/Prefabs using Guid(d41e4075f56d1e1438b3af3673ec6081) Importer(815301076,1909f56bfc062723c751e8b465ee728b)  -> (artifact id: '62dfa16a52ae54f96d1517e43324129d') in 0.001123 seconds 
========================================================================
Received Prepare
Registering precompiled user dll's ...
Registered in 0.003129 seconds.
Begin MonoManager ReloadAssembly
Symbol file LoadedFromMemory doesn't match image /Users/benjamintoro/Desktop/2DGame_TSU/Library/PackageCache/com.unity.visualscripting@1.7.8/Editor/VisualScripting.Core/Dependencies/YamlDotNet/Unity.VisualScripting.YamlDotNet.dll
Symbol file LoadedFromMemory doesn't match image /Users/benjamintoro/Desktop/2DGame_TSU/Library/PackageCache/com.unity.visualscripting@1.7.8/Editor/VisualScripting.Core/Dependencies/DotNetZip/Unity.VisualScripting.IonicZip.dll
Native extension for iOS target not found
Native extension for Android target not found
Native extension for OSXStandalone target not found
Native extension for WebGL target not found
Refreshing native plugins compatible for Editor in 1.67 ms, found 3 plugins.
Preloading 0 native plugins for Editor in 0.00 ms.
Mono: successfully reloaded assembly
- Completed reload, in  3.443 seconds
Domain Reload Profiling:
	ReloadAssembly (3446ms)
		BeginReloadAssembly (518ms)
			ExecutionOrderSort (0ms)
			DisableScriptedObjects (73ms)
			BackupInstance (0ms)
			ReleaseScriptingObjects (0ms)
			CreateAndSetChildDomain (178ms)
		EndReloadAssembly (2335ms)
			LoadAssemblies (254ms)
			RebuildTransferFunctionScriptingTraits (0ms)
			SetupTypeCache (396ms)
			ReleaseScriptCaches (4ms)
			RebuildScriptCaches (74ms)
			SetupLoadedEditorAssemblies (1459ms)
				LogAssemblyErrors (0ms)
				InitializePlatformSupportModulesInManaged (121ms)
				SetLoadedEditorAssemblies (2ms)
				RefreshPlugins (2ms)
				BeforeProcessingInitializeOnLoad (152ms)
				ProcessInitializeOnLoadAttributes (1023ms)
				ProcessInitializeOnLoadMethodAttributes (158ms)
				AfterProcessingInitializeOnLoad (1ms)
				EditorAssembliesLoaded (0ms)
			ExecutionOrderSort2 (0ms)
			AwakeInstancesAfterBackupRestoration (21ms)
Platform modules already initialized, skipping
Refreshing native plugins compatible for Editor in 1.45 ms, found 3 plugins.
Preloading 0 native plugins for Editor in 0.00 ms.
Unloading 4065 Unused Serialized files (Serialized files now loaded: 0)
Unloading 31 unused Assets / (172.7 KB). Loaded Objects now: 4540.
Memory consumption went from 280.2 MB to 280.0 MB.
Total: 4.101375 ms (FindLiveObjects: 0.288125 ms CreateObjectMapping: 0.136541 ms MarkObjects: 2.963125 ms  DeleteObjects: 0.712208 ms)

AssetImportParameters requested are different than current active one (requested -> active):
  custom:video-decoder-ogg-theora: a1e56fd34408186e4bbccfd4996cb3dc -> 
  custom:container-muxer-webm: aa71ff27fc2769a1b78a27578f13a17b -> 
  custom:container-demuxer-webm: 4f35f7cbe854078d1ac9338744f61a02 -> 
  custom:video-encoder-webm-vp8: eb34c28f22e8b96e1ab97ce403110664 -> 
  custom:framework-osx-AVFoundation: e770b220cccbd017edd2c1fefb359320 -> 
  custom:audio-encoder-webm-vorbis: bf7c407c2cedff20999df2af8eb42d56 -> 
  custom:SearchIndexIgnoredProperties: e643bd26f0fe6173181afceb89e7c659 -> 
  custom:container-demuxer-ogg: 62fdf1f143b41e24485cea50d1cbac27 -> 
  custom:video-decoder-webm-vp8: 9c59270c3fd7afecdb556c50c9e8de78 -> 
  custom:audio-decoder-ogg-vorbis: bf7c407c2cedff20999df2af8eb42d56 -> 
========================================================================
Received Prepare
Registering precompiled user dll's ...
Registered in 0.006013 seconds.
Begin MonoManager ReloadAssembly
Symbol file LoadedFromMemory doesn't match image /Users/benjamintoro/Desktop/2DGame_TSU/Library/PackageCache/com.unity.visualscripting@1.7.8/Editor/VisualScripting.Core/Dependencies/YamlDotNet/Unity.VisualScripting.YamlDotNet.dll
Symbol file LoadedFromMemory doesn't match image /Users/benjamintoro/Desktop/2DGame_TSU/Library/PackageCache/com.unity.visualscripting@1.7.8/Editor/VisualScripting.Core/Dependencies/DotNetZip/Unity.VisualScripting.IonicZip.dll
Native extension for iOS target not found
Native extension for Android target not found
Native extension for OSXStandalone target not found
Native extension for WebGL target not found
Refreshing native plugins compatible for Editor in 1.99 ms, found 3 plugins.
Preloading 0 native plugins for Editor in 0.00 ms.
Mono: successfully reloaded assembly
- Completed reload, in  3.350 seconds
Domain Reload Profiling:
	ReloadAssembly (3360ms)
		BeginReloadAssembly (495ms)
			ExecutionOrderSort (0ms)
			DisableScriptedObjects (83ms)
			BackupInstance (0ms)
			ReleaseScriptingObjects (0ms)
			CreateAndSetChildDomain (159ms)
		EndReloadAssembly (2525ms)
			LoadAssemblies (287ms)
			RebuildTransferFunctionScriptingTraits (0ms)
			SetupTypeCache (396ms)
			ReleaseScriptCaches (22ms)
			RebuildScriptCaches (57ms)
			SetupLoadedEditorAssemblies (1564ms)
				LogAssemblyErrors (0ms)
				InitializePlatformSupportModulesInManaged (114ms)
				SetLoadedEditorAssemblies (7ms)
				RefreshPlugins (2ms)
				BeforeProcessingInitializeOnLoad (152ms)
				ProcessInitializeOnLoadAttributes (1108ms)
				ProcessInitializeOnLoadMethodAttributes (180ms)
				AfterProcessingInitializeOnLoad (1ms)
				EditorAssembliesLoaded (0ms)
			ExecutionOrderSort2 (0ms)
			AwakeInstancesAfterBackupRestoration (20ms)
Platform modules already initialized, skipping
Refreshing native plugins compatible for Editor in 1.53 ms, found 3 plugins.
Preloading 0 native plugins for Editor in 0.00 ms.
Unloading 4065 Unused Serialized files (Serialized files now loaded: 0)
Unloading 31 unused Assets / (172.1 KB). Loaded Objects now: 4543.
Memory consumption went from 280.4 MB to 280.2 MB.
Total: 7.194208 ms (FindLiveObjects: 0.338625 ms CreateObjectMapping: 0.144292 ms MarkObjects: 6.542666 ms  DeleteObjects: 0.167291 ms)

AssetImportParameters requested are different than current active one (requested -> active):
  custom:video-decoder-ogg-theora: a1e56fd34408186e4bbccfd4996cb3dc -> 
  custom:container-muxer-webm: aa71ff27fc2769a1b78a27578f13a17b -> 
  custom:container-demuxer-webm: 4f35f7cbe854078d1ac9338744f61a02 -> 
  custom:video-encoder-webm-vp8: eb34c28f22e8b96e1ab97ce403110664 -> 
  custom:framework-osx-AVFoundation: e770b220cccbd017edd2c1fefb359320 -> 
  custom:audio-encoder-webm-vorbis: bf7c407c2cedff20999df2af8eb42d56 -> 
  custom:SearchIndexIgnoredProperties: e643bd26f0fe6173181afceb89e7c659 -> 
  custom:container-demuxer-ogg: 62fdf1f143b41e24485cea50d1cbac27 -> 
  custom:video-decoder-webm-vp8: 9c59270c3fd7afecdb556c50c9e8de78 -> 
  custom:audio-decoder-ogg-vorbis: bf7c407c2cedff20999df2af8eb42d56 -> 
